2025-03-19 09:58:17,241 Started execution. Fetching data now ...
2025-03-19 09:58:17,242 Encountered error. Please check.
2025-03-19 09:58:17,242 [Errno 2] No such file or directory: 'Data/inference_heart_disease.csv'
2025-03-19 10:00:44,471 Started execution. Fetching data now ...
2025-03-19 10:00:44,471 Encountered error. Please check.
2025-03-19 10:00:44,471 [Errno 2] No such file or directory: 'Data/inference_heart_disease.csv'
2025-03-19 10:01:42,117 Started execution. Fetching data now ...
2025-03-19 10:01:42,145 Data fetched. Applying pre-processing now ...
2025-03-19 10:01:42,161 Pre-processing is completed. Loading trained model now ...
2025-03-19 10:01:42,547 Trained model is loaded. Executing trained model on inference data ...
2025-03-19 10:01:42,573 Execution is complete.
2025-03-24 08:12:34,639 Started execution. Fetching data now ...
2025-03-24 08:12:34,670 Data fetched. Applying pre-processing now ...
2025-03-24 08:12:34,689 Pre-processing is completed. Loading trained model now ...
2025-03-24 08:12:36,591 Trained model is loaded. Executing trained model on inference data ...
2025-03-24 08:12:36,629 Execution is complete.
2025-04-01 16:30:57,528 Started execution. Fetching data now ...
2025-04-01 16:30:57,570 Data fetched. Applying pre-processing now ...
2025-04-01 16:30:57,597 Pre-processing is completed. Loading trained model now ...
2025-04-01 16:31:10,439 Trained model is loaded. Executing trained model on inference data ...
2025-04-01 16:31:10,470 Execution is complete.
2025-04-01 16:37:27,126 Started execution. Fetching data now ...
2025-04-01 16:37:27,156 Data fetched. Applying pre-processing now ...
2025-04-01 16:37:27,169 Pre-processing is completed. Loading trained model now ...
2025-04-01 16:37:27,170 Encountered error. Please check.
2025-04-01 16:37:27,170 [Errno 2] No such file or directory: 'model2_svm.joblib'
2025-04-01 16:55:23,612 Started execution. Fetching data now ...
2025-04-01 16:55:23,628 Data fetched. Applying pre-processing now ...
2025-04-01 16:55:23,636 Pre-processing is completed. Loading trained model now ...
2025-04-01 16:55:23,863 Trained model is loaded. Executing trained model on inference data ...
2025-04-01 16:55:23,879 Execution is complete.
2025-04-01 16:55:30,176 Started execution. Fetching data now ...
2025-04-01 16:55:30,180 Data fetched. Applying pre-processing now ...
2025-04-01 16:55:30,193 Pre-processing is completed. Loading trained model now ...
2025-04-01 16:55:30,193 Encountered error. Please check.
2025-04-01 16:55:30,193 [Errno 2] No such file or directory: '/Users/ursinasanderink/Documents/MLOps Pre req Module files/9.Final/model2_svm.joblib'
2025-04-01 17:35:49,288 Started execution. Fetching data now ...
2025-04-01 17:35:49,305 Data fetched. Applying pre-processing now ...
2025-04-01 17:35:49,314 Pre-processing is completed. Loading trained model now ...
2025-04-01 17:35:49,558 Trained model is loaded. Executing trained model on inference data ...
2025-04-01 17:35:49,573 Execution is complete.
2025-04-01 17:36:00,755 Started execution. Fetching data now ...
2025-04-01 17:36:00,760 Data fetched. Applying pre-processing now ...
2025-04-01 17:36:00,768 Pre-processing is completed. Loading trained model now ...
2025-04-01 17:36:00,824 Trained model is loaded. Executing trained model on inference data ...
2025-04-01 17:36:00,828 Execution is complete.
2025-04-01 18:30:34,352 Started execution. Fetching data now ...
2025-04-01 18:30:34,373 Data fetched. Applying pre-processing now ...
2025-04-01 18:30:34,384 Pre-processing is completed. Loading trained model now ...
2025-04-01 18:30:34,676 Trained model is loaded. Executing trained model on inference data ...
2025-04-01 18:30:34,696 Execution is complete.
2025-04-01 18:30:53,199 Started execution. Fetching data now ...
2025-04-01 18:30:53,205 Data fetched. Applying pre-processing now ...
2025-04-01 18:30:53,213 Pre-processing is completed. Loading trained model now ...
2025-04-01 18:30:53,315 Trained model is loaded. Executing trained model on inference data ...
2025-04-01 18:30:53,320 Execution is complete.
2025-04-01 18:34:41,543 Started execution. Fetching data now ...
2025-04-01 18:34:41,566 Data fetched. Applying pre-processing now ...
2025-04-01 18:34:41,578 Pre-processing is completed. Loading trained model now ...
2025-04-01 18:34:41,817 Trained model is loaded. Executing trained model on inference data ...
2025-04-01 18:34:41,827 Checking inference accuracy: 0.85
2025-04-01 18:34:41,827 Execution is complete.
2025-04-01 18:34:48,231 Started execution. Fetching data now ...
2025-04-01 18:34:48,237 Data fetched. Applying pre-processing now ...
2025-04-01 18:34:48,247 Pre-processing is completed. Loading trained model now ...
2025-04-01 18:34:48,306 Trained model is loaded. Executing trained model on inference data ...
2025-04-01 18:34:48,309 Checking inference accuracy: 0.85
2025-04-01 18:34:48,310 Execution is complete.
